\BOOKMARK [0][-]{chapter.1}{Introduzione all'economia}{}% 1
\BOOKMARK [1][-]{section.1.1}{Il problema economico}{chapter.1}% 2
\BOOKMARK [1][-]{section.1.2}{Input e output}{chapter.1}% 3
\BOOKMARK [1][-]{section.1.3}{Gli economisti studiano..}{chapter.1}% 4
\BOOKMARK [1][-]{section.1.4}{Micro e macroeconomia}{chapter.1}% 5
\BOOKMARK [1][-]{section.1.5}{Scelte e agenti economici}{chapter.1}% 6
\BOOKMARK [1][-]{section.1.6}{Il mercato}{chapter.1}% 7
\BOOKMARK [1][-]{section.1.7}{La concorrenza}{chapter.1}% 8
\BOOKMARK [1][-]{section.1.8}{La scelta come trade-off}{chapter.1}% 9
\BOOKMARK [1][-]{section.1.9}{Efficienza}{chapter.1}% 10
\BOOKMARK [1][-]{section.1.10}{Il costo opportunita'}{chapter.1}% 11
\BOOKMARK [1][-]{section.1.11}{La razionalita' in economia}{chapter.1}% 12
\BOOKMARK [2][-]{subsection.1.11.1}{Razionalita' come scelta al margine}{section.1.11}% 13
\BOOKMARK [2][-]{subsection.1.11.2}{Gli individui rispondono agli incentivi}{section.1.11}% 14
\BOOKMARK [1][-]{section.1.12}{Perche' scambiare?}{chapter.1}% 15
\BOOKMARK [2][-]{subsection.1.12.1}{Da cosa dipende la specializzazione}{section.1.12}% 16
\BOOKMARK [1][-]{section.1.13}{Mercato ed efficienza}{chapter.1}% 17
\BOOKMARK [1][-]{section.1.14}{Modelli economici}{chapter.1}% 18
\BOOKMARK [2][-]{subsection.1.14.1}{Modello del flusso circolare}{section.1.14}% 19
\BOOKMARK [2][-]{subsection.1.14.2}{Frontiera delle possibilita' di produzione}{section.1.14}% 20
\BOOKMARK [0][-]{chapter.2}{2}{}% 21
